<?xml version="1.0" encoding="UTF-8"?>
<!-- Generated by org.testng.reporters.JUnitReportReporter -->
<testsuite skipped="0" hostname="MECHROCKERZ" name="ScreenShots.Takescreenshot" tests="2" failures="0" timestamp="03 Sep 2020 19:12:57 GMT" time="11.215" errors="0">
  <testcase name="test2" time="2.056" classname="ScreenShots.Takescreenshot"/>
  <testcase name="test1" time="9.159" classname="ScreenShots.Takescreenshot"/>
</testsuite> <!-- ScreenShots.Takescreenshot -->
