<?xml version="1.0" encoding="UTF-8"?>
<!-- Generated by org.testng.reporters.JUnitReportReporter -->
<testsuite skipped="0" hostname="MECHROCKERZ" name="Grp123.ArtificatTestNg.ThreadinTestNg" tests="2" failures="0" timestamp="27 Aug 2020 19:06:05 GMT" time="0.062" errors="0">
  <testcase name="m1" time="0.031" classname="Grp123.ArtificatTestNg.ThreadinTestNg"/>
  <testcase name="m2" time="0.031" classname="Grp123.ArtificatTestNg.ThreadinTestNg"/>
</testsuite> <!-- Grp123.ArtificatTestNg.ThreadinTestNg -->
