<?xml version="1.0" encoding="UTF-8"?>
<!-- Generated by org.testng.reporters.JUnitReportReporter -->
<testsuite skipped="0" hostname="MECHROCKERZ" name="RestAssured.NoBddStyleGetRequest" tests="1" failures="0" timestamp="19 Sep 2020 16:53:17 GMT" time="6.569" errors="0">
  <testcase name="GetBookingIds_VerifyStatusCode" time="6.569" classname="RestAssured.NoBddStyleGetRequest"/>
</testsuite> <!-- RestAssured.NoBddStyleGetRequest -->
