<?xml version="1.0" encoding="UTF-8"?>
<!-- Generated by org.testng.reporters.JUnitReportReporter -->
<testsuite skipped="2" hostname="MECHROCKERZ" name="IAnnotationTransformer.RetryTest" tests="4" failures="0" timestamp="06 Sep 2020 19:09:34 GMT" time="0.062" errors="0">
  <testcase name="method1" time="0.031" classname="IAnnotationTransformer.RetryTest">
    <skipped/>
  </testcase> <!-- method1 -->
  <testcase name="method2" time="0.031" classname="IAnnotationTransformer.RetryTest"/>
  <testcase name="method1" time="0.000" classname="IAnnotationTransformer.RetryTest"/>
  <testcase name="method1" time="0.000" classname="IAnnotationTransformer.RetryTest">
    <skipped/>
  </testcase> <!-- method1 -->
</testsuite> <!-- IAnnotationTransformer.RetryTest -->
