<?xml version="1.0" encoding="UTF-8"?>
<!-- Generated by org.testng.reporters.JUnitReportReporter -->
<testsuite skipped="2" hostname="MECHROCKERZ" name="IretryAnalyzer.Retrytest" tests="3" failures="0" timestamp="22 Nov 2020 05:05:12 GMT" time="0.063" errors="0">
  <testcase name="method1" time="0.000" classname="IretryAnalyzer.Retrytest"/>
  <testcase name="method1" time="0.017" classname="IretryAnalyzer.Retrytest">
    <skipped/>
  </testcase> <!-- method1 -->
  <testcase name="method1" time="0.046" classname="IretryAnalyzer.Retrytest">
    <skipped/>
  </testcase> <!-- method1 -->
</testsuite> <!-- IretryAnalyzer.Retrytest -->
