<?xml version="1.0" encoding="UTF-8"?>
<!-- Generated by org.testng.reporters.JUnitReportReporter -->
<testsuite skipped="0" hostname="MECHROCKERZ" name="InheritanceTestng.Child" tests="2" failures="0" timestamp="25 Nov 2020 08:00:43 GMT" time="0.000" errors="0">
  <testcase name="test1" time="0.000" classname="InheritanceTestng.Child"/>
  <testcase name="test2" time="0.000" classname="InheritanceTestng.Child"/>
</testsuite> <!-- InheritanceTestng.Child -->
