<?xml version="1.0" encoding="UTF-8"?>
<!-- Generated by org.testng.reporters.JUnitReportReporter -->
<testsuite skipped="0" hostname="MECHROCKERZ" name="EcommerceAutomation.ComparePrices" tests="1" failures="0" timestamp="03 Oct 2020 17:47:07 GMT" time="35.679" errors="0">
  <testcase name="test2" time="35.679" classname="EcommerceAutomation.ComparePrices"/>
</testsuite> <!-- EcommerceAutomation.ComparePrices -->
