<?xml version="1.0" encoding="UTF-8"?>
<!-- Generated by org.testng.reporters.JUnitReportReporter -->
<testsuite skipped="0" hostname="MECHROCKERZ" name="Grp123.ArtificatTestNg.NewTest" tests="3" failures="0" timestamp="27 Aug 2020 17:09:48 GMT" time="0.047" errors="0">
  <testcase name="f" time="0.027" classname="Grp123.ArtificatTestNg.NewTest"/>
  <testcase name="f3" time="0.006" classname="Grp123.ArtificatTestNg.NewTest"/>
  <testcase name="f2" time="0.014" classname="Grp123.ArtificatTestNg.NewTest"/>
</testsuite> <!-- Grp123.ArtificatTestNg.NewTest -->
