<?xml version="1.0" encoding="UTF-8"?>
<!-- Generated by org.testng.reporters.JUnitReportReporter -->
<testsuite skipped="1" hostname="MECHROCKERZ" name="Exceltestrun.RunTestexcel" tests="5" failures="0" timestamp="07 Sep 2020 16:10:08 GMT" time="0.016" errors="0">
  <testcase name="test1" time="0.016" classname="Exceltestrun.RunTestexcel"/>
  <testcase name="test1" time="0.000" classname="Exceltestrun.RunTestexcel"/>
  <testcase name="test3" time="0.000" classname="Exceltestrun.RunTestexcel"/>
  <testcase name="test3" time="0.000" classname="Exceltestrun.RunTestexcel"/>
  <testcase name="test2" classname="Exceltestrun.RunTestexcel">
    <skipped/>
  </testcase> <!-- test2 -->
</testsuite> <!-- Exceltestrun.RunTestexcel -->
