<?xml version="1.0" encoding="UTF-8"?>
<!-- Generated by org.testng.reporters.JUnitReportReporter -->
<testsuite skipped="0" hostname="MECHROCKERZ" name="IInvokeMethodListener.Testclass" tests="3" failures="0" timestamp="06 Sep 2020 19:56:23 GMT" time="0.042" errors="0">
  <testcase name="test1" time="0.038" classname="IInvokeMethodListener.Testclass"/>
  <testcase name="test3" time="0.003" classname="IInvokeMethodListener.Testclass"/>
  <testcase name="test2" time="0.001" classname="IInvokeMethodListener.Testclass"/>
</testsuite> <!-- IInvokeMethodListener.Testclass -->
