<?xml version="1.0" encoding="UTF-8"?>
<!-- Generated by org.testng.reporters.JUnitReportReporter -->
<testsuite skipped="0" hostname="MECHROCKERZ" name="EcommerceAutomation.ProductList" tests="1" failures="0" timestamp="03 Oct 2020 16:35:19 GMT" time="43.920" errors="0">
  <testcase name="test1" time="43.920" classname="EcommerceAutomation.ProductList"/>
</testsuite> <!-- EcommerceAutomation.ProductList -->
